2025-01-25 15:45:39 - Moved and renamed 'gradient/origin/0 vista arriba/4-Apple-Crunch-degradado-arriba.png' to 'gradient/apple_crunch/top.png'
2025-01-25 15:45:39 - Moved and renamed 'gradient/origin/1 vista lateral/4-Apple-Crunch-degradado-lateral.png' to 'gradient/apple_crunch/side.png'
2025-01-25 15:45:39 - Moved and renamed 'gradient/origin/0 vista arriba/1-Aqua-Lagoon-degradado-arriba.png' to 'gradient/aqua_lagoon/top.png'
2025-01-25 15:45:39 - Moved and renamed 'gradient/origin/1 vista lateral/1-Aqua-Lagoon-degradado-lateral.png' to 'gradient/aqua_lagoon/side.png'
2025-01-25 15:45:39 - Moved and renamed 'gradient/origin/0 vista arriba/10-Blue-Pearl-degradado-arriba.png' to 'gradient/blue_pearl/top.png'
2025-01-25 15:45:39 - Moved and renamed 'gradient/origin/1 vista lateral/10-Blue-Pearl-degradado-lateral.png' to 'gradient/blue_pearl/side.png'
2025-01-25 15:45:39 - Moved and renamed 'gradient/origin/0 vista arriba/21-Caramelita-degradado-arriba.png' to 'gradient/caramelita/top.png'
2025-01-25 15:45:39 - Moved and renamed 'gradient/origin/1 vista lateral/21-Caramelita-degradado-lateral.png' to 'gradient/caramelita/side.png'
2025-01-25 15:45:39 - Moved and renamed 'gradient/origin/0 vista arriba/7-Copper-King-degradado-arriba.png' to 'gradient/copper_king/top.png'
2025-01-25 15:45:39 - Moved and renamed 'gradient/origin/1 vista lateral/7-Copper-King-degradado-lateral.png' to 'gradient/copper_king/side.png'
2025-01-25 15:45:39 - Moved and renamed 'gradient/origin/0 vista arriba/16-Deep-purple-shimmer-degradado-arriba.png' to 'gradient/deep_purple_shimmer/top.png'
2025-01-25 15:45:39 - Moved and renamed 'gradient/origin/1 vista lateral/16-Deep-purple-shimmer-degradado-lateral.png' to 'gradient/deep_purple_shimmer/side.png'
2025-01-25 15:45:39 - Moved and renamed 'gradient/origin/0 vista arriba/11-Fool-Gold-degradado-arriba.png' to 'gradient/fool_gold/top.png'
2025-01-25 15:45:39 - Moved and renamed 'gradient/origin/1 vista lateral/11-Fool-Gold-degradado-lateral.png' to 'gradient/fool_gold/side.png'
2025-01-25 15:45:39 - Moved and renamed 'gradient/origin/0 vista arriba/5-Forest-Green-degradado-arriba.png' to 'gradient/forest_green/top.png'
2025-01-25 15:45:39 - Moved and renamed 'gradient/origin/1 vista lateral/5-Forest-Green-degradado-lateral.png' to 'gradient/forest_green/side.png'
2025-01-25 15:45:39 - Moved and renamed 'gradient/origin/0 vista arriba/9-Green-jade-Pearl-degradado-arriba.png' to 'gradient/green_jade_pearl/top.png'
2025-01-25 15:45:39 - Moved and renamed 'gradient/origin/1 vista lateral/9-Green-jade-Pearl-degradado-lateral.png' to 'gradient/green_jade_pearl/side.png'
2025-01-25 15:45:39 - Moved and renamed 'gradient/origin/0 vista arriba/8-Gun-Metal-Grey-degradado-arriba.png' to 'gradient/gun_metal_grey/top.png'
2025-01-25 15:45:39 - Moved and renamed 'gradient/origin/1 vista lateral/8-Gun-Metal-Grey-degradado-lateral.png' to 'gradient/gun_metal_grey/side.png'
2025-01-25 15:45:39 - Moved and renamed 'gradient/origin/0 vista arriba/23-Hello-Yellow-degradado-arriba.png' to 'gradient/hello_yellow/top.png'
2025-01-25 15:45:39 - Moved and renamed 'gradient/origin/1 vista lateral/23-Hello-Yellow-degradado-lateral.png' to 'gradient/hello_yellow/side.png'
2025-01-25 15:45:39 - Moved and renamed 'gradient/origin/0 vista arriba/18-Lilac-degradado-arriba.png' to 'gradient/lilac/top.png'
2025-01-25 15:45:39 - Moved and renamed 'gradient/origin/1 vista lateral/18-Lilac-degradado-lateral.png' to 'gradient/lilac/side.png'
2025-01-25 15:45:39 - Moved and renamed 'gradient/origin/0 vista arriba/2-Lime-Shine-degradado-arriba.png' to 'gradient/lime_shine/top.png'
2025-01-25 15:45:39 - Moved and renamed 'gradient/origin/1 vista lateral/2-Lime-Shine-degradado-lateral.png' to 'gradient/lime_shine/side.png'
2025-01-25 15:45:39 - Moved and renamed 'gradient/origin/0 vista arriba/19-Maroon-Machine-degradado-arriba.png' to 'gradient/maroon_machine/top.png'
2025-01-25 15:45:39 - Moved and renamed 'gradient/origin/1 vista lateral/19-Maroon-Machine-degradado-lateral.png' to 'gradient/maroon_machine/side.png'
2025-01-25 15:45:39 - Moved and renamed 'gradient/origin/0 vista arriba/22-Midnight-Blue-degradado-arriba.png' to 'gradient/midnight_blue/top.png'
2025-01-25 15:45:39 - Moved and renamed 'gradient/origin/1 vista lateral/22-Midnight-Blue-degradado-lateral.png' to 'gradient/midnight_blue/side.png'
2025-01-25 15:45:39 - Moved and renamed 'gradient/origin/0 vista arriba/13-Midnight-Galaxy-degradado-arriba.png' to 'gradient/midnight_galaxy/top.png'
2025-01-25 15:45:39 - Moved and renamed 'gradient/origin/1 vista lateral/13-Midnight-Galaxy-degradado-lateral.png' to 'gradient/midnight_galaxy/side.png'
2025-01-25 15:45:39 - Moved and renamed 'gradient/origin/0 vista arriba/6-Mighty-Mint-degradado-arriba.png' to 'gradient/mighty_mint/top.png'
2025-01-25 15:45:39 - Moved and renamed 'gradient/origin/1 vista lateral/6-Mighty-Mint-degradado-lateral.png' to 'gradient/mighty_mint/side.png'
2025-01-25 15:45:39 - Moved and renamed 'gradient/origin/0 vista arriba/3-Nancys-Green-Pearl-degradado-arriba.png' to 'gradient/nancys_green_pearl/top.png'
2025-01-25 15:45:39 - Moved and renamed 'gradient/origin/1 vista lateral/3-Nancys-Green-Pearl-degradado-lateral.png' to 'gradient/nancys_green_pearl/side.png'
2025-01-25 15:45:39 - Moved and renamed 'gradient/origin/0 vista arriba/14-Oh-That-Blue-degradado-arriba.png' to 'gradient/oh_that_blue/top.png'
2025-01-25 15:45:40 - Moved and renamed 'gradient/origin/1 vista lateral/14-Oh-That-Blue-degradado-lateral.png' to 'gradient/oh_that_blue/side.png'
2025-01-25 15:45:40 - Moved and renamed 'gradient/origin/0 vista arriba/17-Pink-degradado-arriba.png' to 'gradient/pink/top.png'
2025-01-25 15:45:40 - Moved and renamed 'gradient/origin/1 vista lateral/17-Pink-degradado-lateral.png' to 'gradient/pink/side.png'
2025-01-25 15:45:40 - Moved and renamed 'gradient/origin/0 vista arriba/15-Purple-rain-degradado-arriba.png' to 'gradient/purple_rain/top.png'
2025-01-25 15:45:40 - Moved and renamed 'gradient/origin/1 vista lateral/15-Purple-rain-degradado-lateral.png' to 'gradient/purple_rain/side.png'
2025-01-25 15:45:40 - Moved and renamed 'gradient/origin/0 vista arriba/24-Salmas-Orange-degradado-arriba.png' to 'gradient/salmas_orange/top.png'
2025-01-25 15:45:40 - Moved and renamed 'gradient/origin/1 vista lateral/24-Salmas-Orange-degradado-lateral.png' to 'gradient/salmas_orange/side.png'
2025-01-25 15:45:40 - Moved and renamed 'gradient/origin/0 vista arriba/12-Sosase-silver-degradado-arriba.png' to 'gradient/sosase_silver/top.png'
2025-01-25 15:45:40 - Moved and renamed 'gradient/origin/1 vista lateral/12-Sosase-silver-degradado-lateral.png' to 'gradient/sosase_silver/side.png'
